SF:lib/src/di/bind.dart
DA:17,26
DA:19,2
DA:23,36
DA:27,26
DA:28,26
DA:30,13
DA:31,26
DA:32,8
DA:35,39
DA:37,0
DA:38,0
DA:39,0
DA:40,0
DA:42,0
DA:46,13
DA:49,52
DA:51,48
DA:53,26
DA:54,26
DA:59,78
DA:60,81
DA:61,78
DA:62,3
DA:63,9
DA:67,24
DA:69,60
DA:71,60
DA:73,0
DA:75,6
DA:77,3
DA:79,12
DA:81,81
DA:83,75
DA:85,9
DA:87,3
DA:89,5
DA:91,0
DA:93,3
DA:94,6
DA:99,6
DA:100,6
DA:103,2
DA:104,2
DA:107,3
DA:109,3
DA:112,3
DA:113,3
LF:47
LH:40
end_of_record
SF:lib/src/di/injector.dart
DA:10,13
DA:12,13
DA:13,13
DA:15,5
DA:16,15
DA:26,33
DA:28,11
DA:29,11
DA:30,11
DA:31,11
DA:37,26
DA:38,52
DA:39,26
DA:42,26
DA:43,26
DA:44,52
DA:45,52
DA:49,9
DA:50,9
DA:51,0
DA:53,9
DA:54,18
DA:57,5
DA:58,5
DA:61,19
DA:62,19
DA:63,0
DA:65,19
DA:66,38
DA:69,1
DA:70,1
DA:71,0
DA:73,1
DA:74,2
LF:34
LH:31
end_of_record
SF:lib/src/shared/exception.dart
DA:5,14
DA:7,1
DA:9,3
LF:3
LH:3
end_of_record
SF:lib/src/bootstrap/go_router_modular_configure.dart
DA:21,0
DA:27,4
DA:28,4
DA:32,0
DA:33,0
DA:40,0
DA:64,2
DA:77,4
DA:89,0
DA:101,2
DA:113,3
DA:125,4
DA:130,3
DA:135,4
DA:147,5
DA:150,3
DA:155,3
DA:166,6
DA:171,1
DA:172,1
DA:175,1
DA:176,1
DA:215,4
DA:251,8
DA:252,4
DA:261,8
DA:264,4
DA:269,8
DA:271,4
DA:272,8
DA:279,4
DA:291,4
DA:315,1
DA:334,1
DA:338,1
DA:357,1
DA:371,1
DA:390,1
LF:38
LH:33
end_of_record
SF:lib/src/routing/route_with_completer_service.dart
DA:10,0
DA:13,6
DA:18,0
DA:19,0
DA:22,2
DA:23,6
DA:28,2
DA:29,4
DA:32,0
DA:33,0
DA:34,0
LF:11
LH:5
end_of_record
SF:lib/src/routing/modular_router_runtime.dart
DA:12,6
LF:1
LH:1
end_of_record
SF:lib/src/module/module.dart
DA:10,22
DA:11,6
DA:12,0
DA:13,13
DA:14,6
DA:21,2
DA:22,4
DA:23,4
DA:24,4
LF:9
LH:8
end_of_record
SF:lib/src/di/injection_manager.dart
DA:16,12
DA:17,24
DA:32,33
DA:40,7
DA:41,7
DA:44,6
DA:45,2
DA:46,0
DA:54,6
DA:55,6
DA:56,12
DA:57,12
DA:58,12
DA:63,8
DA:64,16
DA:65,16
DA:66,8
DA:69,11
DA:70,44
DA:73,11
DA:76,33
DA:77,22
DA:78,11
DA:80,33
DA:83,22
DA:84,22
DA:85,22
DA:87,11
DA:88,22
DA:93,22
DA:94,11
DA:95,7
DA:96,14
DA:98,22
DA:101,44
DA:106,11
DA:108,22
DA:110,13
DA:113,37
DA:116,11
DA:120,11
DA:121,11
DA:123,11
DA:125,13
DA:126,4
DA:127,4
DA:128,4
DA:129,2
DA:130,4
DA:133,11
DA:136,11
DA:137,18
DA:139,7
DA:140,7
DA:141,21
DA:142,14
DA:145,0
DA:147,11
DA:152,4
DA:153,18
DA:154,16
DA:157,4
DA:161,8
DA:162,4
DA:163,4
DA:164,6
DA:167,8
DA:169,4
DA:170,4
DA:171,12
DA:173,8
DA:174,4
DA:175,4
DA:177,2
DA:183,4
DA:187,4
DA:188,14
DA:190,12
DA:191,4
DA:193,7
DA:195,6
DA:197,6
DA:198,3
DA:199,6
DA:200,6
DA:205,4
DA:206,5
DA:207,3
DA:210,4
DA:215,11
DA:216,22
DA:218,16
DA:219,10
DA:223,2
DA:224,4
DA:228,2
DA:233,2
DA:237,2
DA:238,2
DA:240,0
DA:241,0
DA:242,0
DA:243,0
DA:254,11
DA:255,16
DA:256,10
DA:257,2
DA:258,2
DA:259,3
DA:265,0
DA:267,0
DA:275,2
DA:276,4
DA:278,2
DA:279,4
DA:280,2
DA:281,2
DA:285,2
DA:287,2
DA:288,6
DA:293,0
DA:295,0
DA:296,0
DA:297,0
DA:298,0
DA:300,0
DA:301,0
DA:302,0
DA:305,0
DA:307,0
DA:308,0
DA:309,0
DA:310,0
DA:311,0
DA:312,0
DA:313,0
DA:320,0
DA:321,0
LF:138
LH:112
end_of_record
SF:lib/src/routing/child_route.dart
DA:20,5
LF:1
LH:1
end_of_record
SF:lib/src/routing/i_modular_route.dart
DA:2,5
LF:1
LH:1
end_of_record
SF:lib/src/routing/module_route.dart
DA:9,2
LF:1
LH:1
end_of_record
SF:lib/src/routing/shell_modular_route.dart
DA:16,0
LF:1
LH:0
end_of_record
SF:lib/src/routing/stateful_shell_modular_route.dart
DA:86,1
DA:113,1
DA:119,2
DA:151,1
DA:158,1
DA:159,2
LF:6
LH:6
end_of_record
SF:lib/src/routing/stateful_shell_branch_transitions.dart
DA:23,1
DA:30,1
DA:31,2
DA:32,0
DA:33,0
DA:37,0
DA:42,0
DA:43,0
DA:55,1
DA:59,1
DA:61,0
DA:66,0
DA:67,0
DA:69,0
DA:70,0
DA:71,0
DA:72,0
DA:75,0
DA:83,0
DA:88,0
DA:90,0
DA:95,0
DA:96,0
DA:98,0
DA:99,0
DA:100,0
DA:101,0
DA:104,0
DA:105,0
DA:108,0
DA:116,0
DA:117,0
DA:118,0
DA:119,0
DA:125,0
DA:135,0
DA:136,0
DA:152,0
DA:153,0
DA:155,0
DA:156,0
DA:158,0
DA:160,0
DA:162,0
DA:164,0
DA:165,0
DA:166,0
DA:167,0
DA:169,0
DA:170,0
DA:171,0
DA:174,0
DA:176,0
DA:177,0
DA:178,0
DA:180,0
DA:183,0
DA:184,0
DA:185,0
DA:186,0
DA:187,0
DA:188,0
DA:189,0
DA:190,0
DA:191,0
DA:195,0
DA:196,0
DA:197,0
DA:198,0
DA:200,0
DA:201,0
DA:205,0
DA:206,0
DA:207,0
DA:208,0
DA:209,0
DA:210,0
DA:211,0
DA:212,0
DA:215,0
DA:217,0
DA:219,0
DA:222,0
DA:223,0
DA:225,0
DA:226,0
DA:227,0
DA:231,0
DA:233,0
DA:237,0
DA:238,0
DA:241,0
DA:245,0
DA:246,0
DA:247,0
DA:248,0
DA:249,0
DA:253,0
DA:255,0
DA:256,0
DA:257,0
DA:260,0
DA:262,0
DA:264,0
DA:265,0
DA:267,0
DA:268,0
DA:269,0
DA:270,0
DA:271,0
DA:272,0
DA:273,0
DA:274,0
DA:275,0
DA:276,0
DA:280,0
DA:290,0
DA:292,0
DA:293,0
DA:294,0
DA:295,0
DA:296,0
DA:298,0
DA:300,0
DA:302,0
DA:307,0
DA:308,0
DA:309,0
DA:311,0
DA:312,0
DA:313,0
DA:315,0
DA:317,0
DA:323,0
DA:324,0
DA:326,0
DA:328,0
DA:330,0
DA:332,0
LF:139
LH:5
end_of_record
SF:lib/src/ui/context_extension.dart
DA:5,0
DA:6,0
LF:2
LH:0
end_of_record
SF:lib/src/ui/route_extension.dart
DA:18,1
DA:20,1
DA:31,1
DA:33,1
DA:44,1
DA:46,1
DA:70,0
DA:77,0
DA:80,0
DA:107,0
DA:112,0
DA:115,0
DA:138,0
DA:143,0
DA:146,0
DA:173,0
DA:180,0
DA:183,0
DA:208,0
DA:213,0
DA:216,0
DA:243,0
DA:250,0
DA:253,0
DA:278,0
DA:283,0
DA:286,0
DA:313,0
DA:320,0
DA:323,0
DA:333,0
DA:334,0
DA:336,0
DA:337,0
DA:338,0
DA:341,0
DA:345,0
DA:346,0
DA:348,0
DA:349,0
DA:350,0
DA:353,0
LF:42
LH:6
end_of_record
SF:lib/src/ui/material_app_router.dart
DA:6,0
DA:42,0
DA:43,0
DA:44,0
DA:45,0
DA:46,0
DA:47,0
DA:49,0
LF:8
LH:0
end_of_record
SF:lib/src/ui/modular_loader.dart
DA:6,10
DA:8,4
DA:9,4
DA:20,5
DA:21,5
DA:25,2
DA:26,4
DA:29,2
DA:30,4
DA:33,4
DA:35,4
DA:36,4
DA:38,4
DA:43,4
DA:44,4
DA:45,4
DA:46,4
DA:49,1
DA:51,1
DA:52,1
DA:53,1
DA:54,1
DA:55,4
DA:58,0
DA:60,1
LF:25
LH:24
end_of_record
SF:lib/src/events/modular_event.dart
DA:9,12
DA:12,8
DA:15,6
DA:17,12
DA:19,12
DA:22,4
DA:24,8
DA:32,2
DA:33,4
DA:35,4
DA:37,2
DA:38,2
DA:39,2
DA:40,10
DA:41,8
DA:44,2
DA:51,2
DA:52,2
DA:54,8
DA:55,8
DA:58,8
DA:59,1
DA:60,2
DA:63,7
DA:64,1
DA:65,2
DA:70,4
DA:71,4
DA:72,7
DA:73,4
LF:30
LH:30
end_of_record
SF:lib/src/events/event_module.dart
DA:12,6
DA:13,6
DA:14,6
DA:16,6
DA:22,2
DA:35,2
DA:36,4
DA:41,10
DA:47,8
DA:49,4
DA:52,1
DA:55,2
DA:58,2
DA:66,2
DA:67,2
DA:68,2
DA:69,2
DA:71,8
DA:72,8
DA:74,10
DA:76,8
DA:77,8
DA:78,8
DA:81,2
DA:83,2
DA:86,10
DA:89,2
DA:95,8
DA:96,12
DA:99,10
DA:101,2
DA:104,4
DA:107,16
DA:108,10
DA:110,8
DA:111,4
DA:112,4
DA:113,8
DA:116,8
DA:117,2
DA:121,2
DA:127,8
DA:129,14
DA:130,2
DA:131,4
DA:135,2
DA:136,8
DA:137,2
DA:138,8
DA:142,2
DA:144,14
DA:145,2
DA:146,8
DA:149,8
DA:151,8
DA:152,12
DA:155,2
DA:158,2
DA:160,2
DA:161,2
DA:165,2
DA:168,2
DA:170,4
DA:172,12
DA:174,12
DA:175,10
DA:176,2
DA:180,8
DA:181,2
DA:184,2
DA:185,8
DA:187,10
DA:189,8
DA:190,6
DA:191,4
DA:192,8
DA:193,2
DA:197,8
DA:198,2
DA:199,8
DA:200,8
DA:201,8
LF:82
LH:82
end_of_record
SF:lib/src/events/modular_event_mixin.dart
DA:9,3
DA:39,1
DA:44,1
DA:46,3
DA:48,3
DA:50,4
DA:51,1
DA:52,0
DA:54,3
DA:58,1
DA:60,3
DA:61,1
DA:63,2
DA:64,1
LF:14
LH:13
end_of_record
SF:lib/src/routing/modular_router_params.dart
DA:13,4
DA:51,1
DA:70,1
DA:71,1
DA:72,1
DA:73,1
DA:74,1
DA:75,1
DA:76,1
DA:77,1
DA:78,1
DA:79,0
DA:80,1
DA:81,1
DA:82,1
DA:83,1
DA:84,1
DA:85,1
DA:86,1
DA:87,1
DA:91,4
DA:92,4
DA:93,4
DA:94,4
DA:95,4
DA:96,4
DA:97,4
DA:98,4
DA:99,4
DA:100,4
DA:101,4
DA:102,4
DA:103,4
DA:104,4
DA:105,4
DA:106,4
DA:107,4
DA:108,4
DA:109,4
LF:39
LH:38
end_of_record
SF:lib/src/shared/asserts/go_router_modular_configure_assert.dart
DA:2,0
DA:4,0
LF:2
LH:0
end_of_record
SF:lib/src/shared/setup.dart
DA:3,18
DA:4,36
DA:12,12
DA:13,0
DA:14,42
DA:15,6
DA:17,8
DA:18,8
DA:28,18
DA:35,0
DA:41,0
DA:42,0
DA:43,0
DA:44,0
DA:45,0
LF:15
LH:8
end_of_record
SF:lib/src/routing/route_builder.dart
DA:17,5
DA:19,5
DA:20,10
DA:22,5
DA:24,4
DA:25,2
DA:27,5
DA:28,5
DA:34,5
DA:35,10
DA:36,5
DA:37,25
DA:38,11
DA:39,10
DA:40,5
DA:41,9
DA:43,5
DA:44,5
LF:18
LH:18
end_of_record
SF:lib/src/di/bind_storage.dart
DA:6,81
DA:7,27
DA:8,54
LF:3
LH:3
end_of_record
SF:lib/src/di/bind_search_protection.dart
DA:4,81
DA:5,27
DA:6,54
DA:36,78
DA:38,51
DA:43,2
DA:44,12
DA:48,14
DA:49,42
DA:50,42
DA:56,14
DA:57,28
DA:58,42
DA:59,28
DA:61,0
DA:62,0
DA:63,0
DA:69,28
DA:71,14
DA:72,28
DA:74,0
DA:78,27
DA:79,54
DA:80,54
DA:81,54
DA:82,54
DA:83,54
DA:86,3
DA:87,6
DA:88,6
DA:89,6
DA:96,14
LF:32
LH:28
end_of_record
SF:lib/src/di/bind_registry.dart
DA:54,20
DA:55,60
DA:56,40
DA:57,40
DA:58,20
DA:60,40
DA:61,0
DA:65,20
DA:67,20
DA:80,20
DA:81,40
DA:82,40
DA:84,20
DA:85,20
DA:86,20
DA:100,8
DA:101,8
DA:102,0
DA:104,24
DA:106,8
DA:109,24
DA:110,8
DA:111,8
DA:113,2
DA:114,2
DA:115,0
DA:119,24
DA:121,8
DA:122,16
DA:124,8
DA:125,8
DA:129,0
DA:130,0
DA:131,0
DA:136,0
DA:137,0
DA:139,0
DA:142,0
DA:143,0
DA:145,0
DA:150,20
DA:151,40
DA:152,40
DA:153,20
DA:154,18
DA:155,18
DA:158,36
DA:159,18
DA:160,36
DA:162,3
DA:167,20
DA:168,40
DA:169,40
DA:170,20
DA:172,10
DA:174,6
DA:175,2
DA:177,4
DA:181,20
DA:182,60
DA:184,0
DA:185,0
DA:187,0
DA:189,0
DA:190,0
DA:192,0
DA:193,0
DA:197,0
DA:198,0
DA:202,0
DA:204,0
DA:206,0
DA:208,0
DA:209,0
DA:217,20
DA:218,24
DA:219,80
DA:223,36
DA:230,8
DA:231,8
DA:232,16
DA:235,24
DA:242,20
DA:243,40
DA:245,20
DA:246,60
DA:248,60
DA:252,15
DA:253,6
DA:260,24
DA:261,24
DA:262,48
DA:263,7
DA:264,27
DA:268,20
DA:269,20
DA:271,3
DA:276,8
DA:277,8
DA:278,24
DA:279,6
DA:282,8
DA:283,24
DA:286,9
DA:287,1
DA:291,2
DA:292,8
DA:296,0
DA:301,8
DA:302,16
DA:303,8
DA:307,5
DA:309,5
DA:311,0
DA:320,3
DA:321,6
DA:322,0
DA:323,0
LF:118
LH:88
end_of_record
SF:lib/src/di/bind_disposer.dart
DA:11,2
DA:12,2
DA:14,6
DA:16,6
DA:18,2
DA:19,6
DA:21,2
DA:22,0
DA:27,2
DA:28,7
DA:29,1
DA:30,3
DA:32,1
DA:33,0
DA:37,2
DA:38,1
DA:42,3
DA:43,3
DA:46,2
DA:49,1
DA:50,3
DA:51,3
DA:53,1
DA:54,2
DA:55,2
DA:56,3
DA:57,1
DA:59,1
DA:61,3
DA:64,4
DA:65,12
DA:66,12
DA:67,4
DA:68,12
DA:71,4
DA:72,13
DA:73,1
DA:74,2
DA:75,0
DA:76,0
DA:79,2
DA:80,1
DA:84,5
DA:85,3
DA:89,4
DA:90,15
DA:91,3
DA:92,6
DA:93,3
DA:94,9
DA:97,0
DA:98,0
DA:102,4
DA:103,0
DA:104,0
DA:107,4
DA:110,27
DA:111,54
DA:113,108
DA:114,108
DA:116,81
DA:117,81
DA:118,81
DA:119,81
DA:121,53
DA:122,26
DA:125,32
DA:126,5
DA:130,26
DA:132,26
DA:133,48
DA:136,26
DA:139,5
DA:140,15
DA:141,15
LF:75
LH:67
end_of_record
SF:lib/src/di/bind_locator.dart
DA:17,25
DA:19,50
DA:20,75
DA:21,44
DA:22,20
DA:24,19
DA:30,45
DA:31,6
DA:34,21
DA:35,17
DA:39,3
DA:41,6
DA:42,9
DA:43,6
DA:44,3
DA:46,3
DA:50,3
DA:55,1
DA:61,1
DA:62,0
DA:63,3
DA:68,21
DA:71,21
DA:72,21
DA:75,21
DA:76,57
DA:79,39
DA:82,63
DA:83,147
DA:84,63
DA:89,21
DA:92,5
DA:97,20
DA:98,14
DA:101,16
DA:102,0
DA:105,16
DA:106,0
DA:109,16
DA:110,9
DA:112,12
DA:117,21
DA:118,63
DA:120,21
DA:121,0
DA:122,0
DA:123,0
DA:124,0
DA:129,63
DA:139,4
DA:141,6
DA:142,2
DA:143,1
DA:144,1
DA:151,21
DA:152,63
DA:153,84
DA:154,63
DA:155,63
DA:160,5
DA:161,15
DA:164,6
DA:167,8
DA:168,4
DA:173,20
DA:174,0
DA:177,60
DA:179,14
DA:184,28
DA:191,16
DA:192,16
DA:193,60
DA:194,24
DA:197,16
DA:198,0
DA:200,0
DA:201,0
DA:202,0
DA:203,0
DA:207,0
DA:208,0
DA:209,0
DA:210,0
DA:212,0
DA:221,16
DA:222,16
DA:224,32
DA:225,0
DA:226,0
DA:227,0
DA:228,0
DA:230,0
DA:231,0
DA:236,0
DA:237,0
DA:238,0
DA:240,0
DA:242,0
DA:247,16
DA:248,0
DA:260,16
DA:263,64
DA:265,28
DA:266,24
DA:267,12
DA:268,12
DA:269,24
DA:271,12
DA:273,27
DA:279,36
DA:288,0
DA:289,0
DA:291,0
DA:292,0
DA:293,0
DA:303,19
DA:304,28
DA:308,16
DA:310,13
DA:313,8
DA:322,14
DA:323,28
DA:324,42
DA:325,12
DA:326,6
DA:336,14
DA:337,28
DA:339,14
DA:341,28
DA:345,24
DA:346,24
DA:348,0
DA:349,0
DA:350,0
DA:354,12
DA:355,24
DA:356,24
DA:358,0
DA:360,24
DA:361,3
DA:362,2
DA:363,4
DA:364,2
DA:367,12
LF:144
LH:105
end_of_record
SF:lib/src/di/bind_context_tracker.dart
DA:10,3
DA:11,3
DA:12,4
DA:13,4
DA:18,5
DA:19,10
DA:20,5
DA:21,2
DA:23,4
DA:24,2
DA:29,7
DA:30,28
DA:33,3
DA:34,6
DA:35,3
DA:37,3
DA:39,3
DA:40,6
DA:48,6
DA:49,12
DA:50,12
DA:51,6
LF:22
LH:22
end_of_record
SF:lib/src/di/bind_identifier.dart
DA:5,7
DA:7,7
DA:10,42
DA:13,7
DA:14,35
DA:16,1
DA:17,7
LF:7
LH:7
end_of_record
SF:lib/src/di/clean_bind.dart
DA:4,25
DA:7,25
DA:10,25
DA:13,25
DA:21,25
DA:24,25
DA:25,25
DA:27,25
DA:28,25
DA:30,25
DA:31,25
DA:36,25
DA:44,1
DA:46,1
LF:14
LH:14
end_of_record
SF:lib/src/di/operation_queue.dart
DA:10,11
DA:11,11
DA:13,33
DA:15,11
DA:16,11
DA:18,1
DA:22,11
DA:23,11
DA:26,11
DA:27,33
DA:29,11
DA:32,22
DA:33,22
DA:35,11
DA:37,0
DA:41,11
LF:16
LH:15
end_of_record
SF:lib/src/events/event_state.dart
DA:6,12
DA:7,4
DA:8,8
DA:25,4
DA:26,14
DA:27,6
DA:29,8
DA:30,8
DA:31,8
DA:32,8
DA:33,8
DA:44,2
LF:12
LH:12
end_of_record
SF:lib/src/routing/builders/child_route_builder.dart
DA:12,4
DA:14,3
DA:15,3
DA:16,0
DA:17,0
DA:18,0
DA:19,0
DA:20,0
DA:21,0
DA:22,0
DA:23,0
DA:27,3
DA:30,1
DA:31,1
DA:32,1
DA:34,2
DA:35,3
DA:37,1
DA:38,1
DA:40,1
DA:41,1
DA:45,3
DA:46,3
DA:47,3
DA:48,3
DA:49,6
DA:50,9
DA:52,3
DA:53,3
DA:54,3
LF:30
LH:22
end_of_record
SF:lib/src/routing/path/route_path_normalizer.dart
DA:6,0
DA:9,5
DA:10,5
DA:11,3
DA:17,5
DA:18,6
DA:19,1
DA:21,5
DA:24,5
DA:25,9
DA:26,10
DA:27,5
DA:28,15
LF:13
LH:12
end_of_record
SF:lib/src/routing/transitions/route_transition_factory.dart
DA:14,0
DA:16,1
DA:30,0
DA:31,0
DA:32,0
DA:37,0
DA:39,0
DA:40,0
DA:41,0
DA:43,0
DA:46,0
DA:47,0
DA:48,0
DA:49,0
DA:50,0
DA:60,0
DA:61,0
DA:70,1
DA:71,1
DA:73,1
LF:20
LH:4
end_of_record
SF:lib/src/ui/once_builder.dart
DA:13,4
DA:17,4
DA:18,4
DA:24,4
DA:25,16
LF:5
LH:5
end_of_record
SF:lib/src/routing/builders/module_route_builder.dart
DA:19,5
DA:29,2
DA:33,4
DA:34,2
DA:35,10
DA:36,2
DA:38,8
DA:40,8
DA:43,2
DA:44,0
DA:49,4
DA:51,2
DA:53,1
DA:54,1
DA:55,1
DA:56,1
DA:57,4
DA:58,1
DA:59,2
DA:62,1
DA:68,2
DA:69,1
DA:70,1
DA:71,1
DA:72,2
DA:74,1
DA:75,2
DA:76,2
DA:86,0
DA:87,0
DA:88,0
DA:89,0
DA:90,0
DA:91,0
DA:93,0
DA:98,2
DA:99,2
DA:100,6
DA:101,2
DA:102,6
DA:103,2
DA:104,6
DA:107,6
DA:108,4
DA:109,8
DA:110,2
DA:113,0
DA:118,0
DA:119,0
DA:121,0
DA:123,0
DA:124,0
DA:127,0
DA:128,0
DA:129,0
DA:130,0
DA:131,0
DA:132,0
DA:133,0
DA:134,0
DA:138,2
DA:139,2
DA:143,2
DA:144,6
DA:147,2
DA:148,2
DA:150,2
DA:151,2
DA:156,1
DA:158,2
DA:160,1
DA:161,0
DA:164,2
DA:168,2
DA:169,1
DA:170,0
DA:171,0
DA:173,1
DA:174,2
LF:79
LH:54
end_of_record
SF:lib/src/routing/redirect/module_route_lifecycle.dart
DA:19,5
DA:24,2
DA:30,2
DA:33,2
DA:34,2
DA:35,4
DA:36,2
DA:38,0
DA:39,0
DA:43,2
DA:46,2
DA:50,2
DA:51,6
DA:52,4
DA:56,1
DA:57,2
DA:58,3
DA:59,2
DA:61,1
LF:19
LH:17
end_of_record
SF:lib/src/shared/asserts/module_assert.dart
DA:2,0
DA:4,0
DA:47,0
DA:50,0
DA:117,0
LF:5
LH:0
end_of_record
SF:lib/src/ui/parent_widget_observer.dart
DA:19,3
DA:26,3
DA:29,3
DA:30,3
DA:36,3
DA:38,15
DA:39,3
DA:42,3
DA:44,15
DA:45,3
DA:48,3
DA:50,10
DA:51,12
LF:13
LH:13
end_of_record
SF:lib/src/routing/builders/shell_route_builder.dart
DA:23,5
DA:35,5
DA:36,20
DA:37,0
DA:38,0
DA:39,0
DA:40,0
DA:41,0
DA:42,0
DA:44,0
DA:45,0
DA:48,0
DA:49,0
DA:50,0
DA:51,0
DA:52,0
DA:56,0
DA:57,0
DA:58,0
DA:60,0
DA:61,0
DA:62,0
DA:63,0
DA:64,0
DA:65,0
DA:66,0
DA:67,0
DA:68,0
DA:70,0
DA:71,0
DA:73,0
DA:78,0
DA:79,0
DA:81,5
DA:84,5
DA:85,10
DA:86,5
DA:87,6
DA:88,1
DA:90,3
DA:91,2
DA:92,1
DA:94,1
DA:96,1
DA:97,1
DA:98,1
DA:99,1
DA:101,1
DA:103,1
DA:104,1
DA:108,1
DA:113,1
DA:114,1
DA:115,2
DA:116,1
DA:117,2
DA:118,1
DA:119,1
DA:122,1
DA:124,1
DA:126,1
DA:129,1
DA:130,1
DA:131,1
DA:132,1
DA:136,1
DA:138,1
DA:140,1
DA:141,1
DA:142,1
DA:143,1
DA:145,5
DA:150,1
DA:153,1
DA:154,1
DA:158,1
DA:159,1
DA:160,1
DA:169,2
DA:170,1
DA:174,1
DA:181,1
DA:183,1
DA:184,2
DA:185,1
DA:186,0
DA:189,1
DA:190,2
DA:192,1
DA:197,1
DA:198,1
DA:201,1
DA:203,2
DA:204,1
DA:205,2
LF:95
LH:64
end_of_record
SF:lib/src/ui/async_navigation_helper.dart
DA:13,0
DA:17,0
DA:23,0
DA:24,0
DA:25,0
DA:26,0
LF:6
LH:0
end_of_record
SF:lib/src/testing/bind_template.dart
DA:27,1
DA:29,1
DA:33,1
DA:34,2
DA:35,1
DA:36,5
DA:41,1
DA:42,2
DA:43,1
DA:44,6
DA:49,1
DA:50,2
DA:51,1
DA:52,6
DA:59,1
DA:60,2
DA:61,1
LF:17
LH:17
end_of_record
SF:lib/src/testing/event_recorder.dart
DA:15,2
DA:17,1
DA:18,1
DA:19,5
DA:22,1
DA:23,2
DA:24,1
DA:27,3
DA:29,4
DA:55,2
DA:61,1
DA:62,1
DA:63,1
DA:64,1
DA:65,2
DA:71,1
DA:72,2
DA:73,1
DA:74,1
DA:78,1
DA:79,3
DA:80,1
DA:85,1
DA:86,3
DA:87,1
DA:89,2
LF:26
LH:26
end_of_record
SF:lib/src/testing/recorded_event_list.dart
DA:10,1
DA:12,2
DA:14,3
DA:16,3
DA:18,3
DA:20,3
DA:22,3
DA:24,3
DA:26,3
DA:28,1
DA:29,4
DA:32,0
LF:12
LH:11
end_of_record
SF:lib/src/testing/fake_injector.dart
DA:10,1
DA:12,1
DA:13,1
DA:14,1
DA:15,1
DA:44,1
DA:46,1
DA:47,1
DA:52,1
DA:53,4
DA:59,1
DA:61,2
DA:62,1
LF:13
LH:13
end_of_record
SF:lib/src/testing/modular_event_bus.dart
DA:16,1
DA:17,1
LF:2
LH:2
end_of_record
SF:lib/src/testing/modular_test_scope.dart
DA:50,1
DA:53,1
DA:54,3
DA:60,1
DA:61,1
DA:62,2
DA:63,1
DA:68,1
DA:69,1
DA:70,2
DA:71,1
DA:76,1
DA:77,1
DA:78,2
DA:79,1
DA:86,1
DA:87,3
DA:91,1
DA:92,4
DA:96,1
DA:97,4
DA:103,2
DA:106,2
DA:113,1
DA:114,2
DA:118,1
DA:119,1
DA:123,3
DA:126,3
DA:133,1
DA:134,2
DA:135,1
DA:136,2
DA:142,1
DA:143,2
DA:144,2
DA:145,1
LF:37
LH:37
end_of_record
