SF:lib/src/di/bind.dart
DA:17,27
DA:19,2
DA:23,36
DA:27,27
DA:28,27
DA:30,13
DA:31,26
DA:32,8
DA:35,39
DA:37,0
DA:38,0
DA:39,0
DA:40,0
DA:42,0
DA:46,13
DA:49,54
DA:51,50
DA:53,26
DA:54,26
DA:59,81
DA:60,81
DA:61,81
DA:62,3
DA:63,9
DA:67,24
DA:69,63
DA:71,63
DA:73,0
DA:75,6
DA:77,3
DA:79,12
DA:81,81
DA:83,78
DA:85,9
DA:87,3
DA:89,5
DA:91,0
DA:93,3
DA:94,6
DA:99,6
DA:100,6
DA:103,2
DA:104,2
DA:107,3
DA:109,3
DA:112,3
DA:113,3
LF:47
LH:40
end_of_record
SF:lib/src/di/injector.dart
DA:10,13
DA:12,13
DA:13,13
DA:15,5
DA:16,15
DA:26,39
DA:28,13
DA:29,13
DA:30,13
DA:31,13
DA:37,28
DA:38,56
DA:39,28
DA:42,28
DA:43,28
DA:44,56
DA:45,56
DA:49,9
DA:50,9
DA:51,0
DA:53,9
DA:54,18
DA:57,5
DA:58,5
DA:61,20
DA:62,20
DA:63,0
DA:65,20
DA:66,40
DA:69,1
DA:70,1
DA:71,0
DA:73,1
DA:74,2
LF:34
LH:31
end_of_record
SF:lib/src/shared/exception.dart
DA:5,14
DA:7,1
DA:9,3
LF:3
LH:3
end_of_record
SF:lib/src/di/bind_storage.dart
DA:6,84
DA:7,28
DA:8,56
LF:3
LH:3
end_of_record
SF:lib/src/di/bind_search_protection.dart
DA:4,84
DA:5,28
DA:6,56
DA:36,81
DA:38,51
DA:43,2
DA:44,12
DA:48,14
DA:49,42
DA:50,42
DA:56,14
DA:57,28
DA:58,42
DA:59,28
DA:61,0
DA:62,0
DA:63,0
DA:69,28
DA:71,14
DA:72,28
DA:74,0
DA:78,27
DA:79,54
DA:80,54
DA:81,54
DA:82,54
DA:83,54
DA:86,3
DA:87,6
DA:88,6
DA:89,6
DA:96,14
LF:32
LH:28
end_of_record
SF:lib/src/di/bind_registry.dart
DA:54,21
DA:55,63
DA:56,42
DA:57,42
DA:58,21
DA:60,42
DA:61,0
DA:65,21
DA:67,21
DA:80,21
DA:81,42
DA:82,42
DA:84,21
DA:85,21
DA:86,21
DA:100,8
DA:101,8
DA:102,0
DA:104,24
DA:106,8
DA:109,24
DA:110,8
DA:111,8
DA:113,2
DA:114,2
DA:115,0
DA:119,24
DA:121,8
DA:122,16
DA:124,8
DA:125,8
DA:129,0
DA:130,0
DA:131,0
DA:136,0
DA:137,0
DA:139,0
DA:142,0
DA:143,0
DA:145,0
DA:150,21
DA:151,42
DA:152,42
DA:153,21
DA:154,19
DA:155,19
DA:158,38
DA:159,19
DA:160,38
DA:162,3
DA:167,21
DA:168,42
DA:169,42
DA:170,21
DA:172,10
DA:174,6
DA:175,2
DA:177,4
DA:181,21
DA:182,63
DA:184,0
DA:185,0
DA:187,0
DA:189,0
DA:190,0
DA:192,0
DA:193,0
DA:197,0
DA:198,0
DA:202,0
DA:204,0
DA:206,0
DA:208,0
DA:209,0
DA:217,21
DA:218,25
DA:219,84
DA:223,38
DA:230,8
DA:231,8
DA:232,16
DA:235,24
DA:242,21
DA:243,42
DA:245,21
DA:246,63
DA:248,63
DA:252,15
DA:253,6
DA:260,25
DA:261,25
DA:262,50
DA:263,7
DA:264,27
DA:268,21
DA:269,21
DA:271,3
DA:276,8
DA:277,8
DA:278,24
DA:279,6
DA:282,8
DA:283,24
DA:286,9
DA:287,1
DA:291,2
DA:292,8
DA:296,0
DA:301,8
DA:302,16
DA:303,8
DA:307,5
DA:309,5
DA:311,0
DA:320,3
DA:321,6
DA:322,0
DA:323,0
LF:118
LH:88
end_of_record
SF:lib/src/di/bind_disposer.dart
DA:11,2
DA:12,2
DA:14,6
DA:16,6
DA:18,2
DA:19,6
DA:21,2
DA:22,0
DA:27,2
DA:28,7
DA:29,1
DA:30,3
DA:32,1
DA:33,0
DA:37,2
DA:38,1
DA:42,3
DA:43,3
DA:46,2
DA:49,1
DA:50,3
DA:51,3
DA:53,1
DA:54,2
DA:55,2
DA:56,3
DA:57,1
DA:59,1
DA:61,3
DA:64,4
DA:65,12
DA:66,12
DA:67,4
DA:68,12
DA:71,4
DA:72,13
DA:73,1
DA:74,2
DA:75,0
DA:76,0
DA:79,2
DA:80,1
DA:84,5
DA:85,3
DA:89,4
DA:90,15
DA:91,3
DA:92,6
DA:93,3
DA:94,9
DA:97,0
DA:98,0
DA:102,4
DA:103,0
DA:104,0
DA:107,4
DA:110,27
DA:111,54
DA:113,108
DA:114,108
DA:116,81
DA:117,81
DA:118,81
DA:119,81
DA:121,53
DA:122,26
DA:125,32
DA:126,5
DA:130,26
DA:132,26
DA:133,48
DA:136,26
DA:139,5
DA:140,15
DA:141,15
LF:75
LH:67
end_of_record
SF:lib/src/di/bind_locator.dart
DA:17,26
DA:19,52
DA:20,78
DA:21,46
DA:22,21
DA:24,20
DA:30,45
DA:31,6
DA:34,21
DA:35,17
DA:39,3
DA:41,6
DA:42,9
DA:43,6
DA:44,3
DA:46,3
DA:50,3
DA:55,1
DA:61,1
DA:62,0
DA:63,3
DA:68,21
DA:71,21
DA:72,21
DA:75,21
DA:76,57
DA:79,39
DA:82,63
DA:83,147
DA:84,63
DA:89,21
DA:92,5
DA:97,20
DA:98,14
DA:101,16
DA:102,0
DA:105,16
DA:106,0
DA:109,16
DA:110,9
DA:112,12
DA:117,21
DA:118,63
DA:120,21
DA:121,0
DA:122,0
DA:123,0
DA:124,0
DA:129,63
DA:139,4
DA:141,6
DA:142,2
DA:143,1
DA:144,1
DA:151,21
DA:152,63
DA:153,84
DA:154,63
DA:155,63
DA:160,5
DA:161,15
DA:164,6
DA:167,8
DA:168,4
DA:173,20
DA:174,0
DA:177,60
DA:179,14
DA:184,28
DA:191,16
DA:192,16
DA:193,60
DA:194,24
DA:197,16
DA:198,0
DA:200,0
DA:201,0
DA:202,0
DA:203,0
DA:207,0
DA:208,0
DA:209,0
DA:210,0
DA:212,0
DA:221,16
DA:222,16
DA:224,32
DA:225,0
DA:226,0
DA:227,0
DA:228,0
DA:230,0
DA:231,0
DA:236,0
DA:237,0
DA:238,0
DA:240,0
DA:242,0
DA:247,16
DA:248,0
DA:260,16
DA:263,64
DA:265,28
DA:266,24
DA:267,12
DA:268,12
DA:269,24
DA:271,12
DA:273,27
DA:279,36
DA:288,0
DA:289,0
DA:291,0
DA:292,0
DA:293,0
DA:303,19
DA:304,28
DA:308,16
DA:310,13
DA:313,8
DA:322,14
DA:323,28
DA:324,42
DA:325,12
DA:326,6
DA:336,14
DA:337,28
DA:339,14
DA:341,28
DA:345,25
DA:346,25
DA:348,0
DA:349,0
DA:350,0
DA:354,12
DA:355,24
DA:356,24
DA:358,0
DA:360,24
DA:361,3
DA:362,2
DA:363,4
DA:364,2
DA:367,12
LF:144
LH:105
end_of_record
SF:lib/src/di/clean_bind.dart
DA:4,25
DA:7,25
DA:10,25
DA:13,25
DA:21,25
DA:24,25
DA:25,25
DA:27,25
DA:28,25
DA:30,25
DA:31,25
DA:36,25
DA:44,1
DA:46,1
LF:14
LH:14
end_of_record
SF:lib/src/di/bind_identifier.dart
DA:5,8
DA:7,7
DA:10,42
DA:13,8
DA:14,40
DA:16,1
DA:17,7
LF:7
LH:7
end_of_record
SF:lib/src/shared/setup.dart
DA:3,20
DA:4,40
DA:12,12
DA:13,0
DA:14,48
DA:15,6
DA:17,10
DA:18,10
DA:28,20
DA:35,0
DA:41,0
DA:42,0
DA:43,0
DA:44,0
DA:45,0
LF:15
LH:8
end_of_record
SF:lib/src/module/module.dart
DA:10,26
DA:11,8
DA:12,0
DA:13,15
DA:14,7
DA:21,4
DA:22,8
DA:23,8
DA:24,8
LF:9
LH:8
end_of_record
SF:lib/src/bootstrap/go_router_modular_configure.dart
DA:21,0
DA:27,6
DA:28,6
DA:32,0
DA:33,0
DA:40,0
DA:64,4
DA:77,4
DA:89,0
DA:101,2
DA:113,3
DA:125,4
DA:130,3
DA:135,4
DA:147,5
DA:150,3
DA:155,3
DA:166,6
DA:171,1
DA:172,1
DA:175,1
DA:176,1
DA:215,6
DA:251,12
DA:252,6
DA:261,12
DA:264,6
DA:269,12
DA:271,6
DA:272,12
DA:279,6
DA:291,6
DA:315,1
DA:334,1
DA:338,1
DA:357,1
DA:371,1
DA:390,1
LF:38
LH:33
end_of_record
SF:lib/src/routing/route_with_completer_service.dart
DA:10,0
DA:13,12
DA:18,0
DA:19,0
DA:22,4
DA:23,12
DA:28,4
DA:29,8
DA:32,0
DA:33,0
DA:34,0
LF:11
LH:5
end_of_record
SF:lib/src/routing/modular_router_runtime.dart
DA:12,8
LF:1
LH:1
end_of_record
SF:lib/src/di/injection_manager.dart
DA:16,14
DA:17,28
DA:32,39
DA:40,8
DA:41,8
DA:44,6
DA:45,2
DA:46,0
DA:54,6
DA:55,6
DA:56,12
DA:57,12
DA:58,12
DA:63,10
DA:64,20
DA:65,20
DA:66,10
DA:69,13
DA:70,52
DA:73,13
DA:76,39
DA:77,26
DA:78,13
DA:80,39
DA:83,26
DA:84,26
DA:85,26
DA:87,13
DA:88,26
DA:93,26
DA:94,13
DA:95,8
DA:96,16
DA:98,26
DA:101,52
DA:106,13
DA:108,26
DA:110,15
DA:113,43
DA:116,13
DA:120,13
DA:121,13
DA:123,13
DA:125,15
DA:126,4
DA:127,4
DA:128,4
DA:129,2
DA:130,4
DA:133,13
DA:136,13
DA:137,21
DA:139,8
DA:140,8
DA:141,24
DA:142,16
DA:145,0
DA:147,13
DA:152,6
DA:153,28
DA:154,20
DA:157,5
DA:161,10
DA:162,5
DA:163,5
DA:164,6
DA:167,10
DA:169,5
DA:170,5
DA:171,15
DA:173,10
DA:174,4
DA:175,4
DA:177,2
DA:183,4
DA:187,5
DA:188,19
DA:190,15
DA:191,5
DA:193,8
DA:195,6
DA:197,6
DA:198,3
DA:199,6
DA:200,6
DA:205,5
DA:206,5
DA:207,3
DA:210,5
DA:215,13
DA:216,26
DA:218,20
DA:219,14
DA:223,2
DA:224,4
DA:228,2
DA:233,2
DA:237,2
DA:238,2
DA:240,0
DA:241,0
DA:242,0
DA:243,0
DA:254,13
DA:255,18
DA:256,10
DA:257,2
DA:258,2
DA:259,3
DA:265,0
DA:267,0
DA:275,2
DA:276,4
DA:278,2
DA:279,4
DA:280,2
DA:281,2
DA:285,2
DA:287,2
DA:288,6
DA:293,0
DA:295,0
DA:296,0
DA:297,0
DA:298,0
DA:300,0
DA:301,0
DA:302,0
DA:305,0
DA:307,0
DA:308,0
DA:309,0
DA:310,0
DA:311,0
DA:312,0
DA:313,0
DA:320,0
DA:321,0
LF:138
LH:112
end_of_record
SF:lib/src/routing/child_route.dart
DA:28,9
LF:1
LH:1
end_of_record
SF:lib/src/routing/i_modular_route.dart
DA:2,9
LF:1
LH:1
end_of_record
SF:lib/src/routing/module_route.dart
DA:15,5
LF:1
LH:1
end_of_record
SF:lib/src/routing/shell_modular_route.dart
DA:23,2
LF:1
LH:1
end_of_record
SF:lib/src/routing/stateful_shell_modular_route.dart
DA:94,3
DA:124,3
DA:130,6
DA:162,1
DA:169,1
DA:170,2
LF:6
LH:6
end_of_record
SF:lib/src/routing/stateful_shell_branch_transitions.dart
DA:23,1
DA:30,1
DA:31,2
DA:32,0
DA:33,0
DA:37,0
DA:42,0
DA:43,0
DA:55,1
DA:59,1
DA:61,0
DA:66,0
DA:67,0
DA:69,0
DA:70,0
DA:71,0
DA:72,0
DA:75,0
DA:83,0
DA:88,0
DA:90,0
DA:95,0
DA:96,0
DA:98,0
DA:99,0
DA:100,0
DA:101,0
DA:104,0
DA:105,0
DA:108,0
DA:116,0
DA:117,0
DA:118,0
DA:119,0
DA:125,0
DA:135,0
DA:136,0
DA:152,0
DA:153,0
DA:155,0
DA:156,0
DA:158,0
DA:160,0
DA:162,0
DA:164,0
DA:165,0
DA:166,0
DA:167,0
DA:169,0
DA:170,0
DA:171,0
DA:174,0
DA:176,0
DA:177,0
DA:178,0
DA:180,0
DA:183,0
DA:184,0
DA:185,0
DA:186,0
DA:187,0
DA:188,0
DA:189,0
DA:190,0
DA:191,0
DA:195,0
DA:196,0
DA:197,0
DA:198,0
DA:200,0
DA:201,0
DA:205,0
DA:206,0
DA:207,0
DA:208,0
DA:209,0
DA:210,0
DA:211,0
DA:212,0
DA:215,0
DA:217,0
DA:219,0
DA:222,0
DA:223,0
DA:225,0
DA:226,0
DA:227,0
DA:231,0
DA:233,0
DA:237,0
DA:238,0
DA:241,0
DA:245,0
DA:246,0
DA:247,0
DA:248,0
DA:249,0
DA:253,0
DA:255,0
DA:256,0
DA:257,0
DA:260,0
DA:262,0
DA:264,0
DA:265,0
DA:267,0
DA:268,0
DA:269,0
DA:270,0
DA:271,0
DA:272,0
DA:273,0
DA:274,0
DA:275,0
DA:276,0
DA:280,0
DA:290,0
DA:292,0
DA:293,0
DA:294,0
DA:295,0
DA:296,0
DA:298,0
DA:300,0
DA:302,0
DA:307,0
DA:308,0
DA:309,0
DA:311,0
DA:312,0
DA:313,0
DA:315,0
DA:317,0
DA:323,0
DA:324,0
DA:326,0
DA:328,0
DA:330,0
DA:332,0
LF:139
LH:5
end_of_record
SF:lib/src/routing/guards/modular_guard.dart
DA:37,5
LF:1
LH:1
end_of_record
SF:lib/src/routing/guards/guard_fn.dart
DA:25,5
DA:27,3
DA:29,6
LF:3
LH:3
end_of_record
SF:lib/src/ui/context_extension.dart
DA:5,0
DA:6,0
LF:2
LH:0
end_of_record
SF:lib/src/ui/route_extension.dart
DA:18,1
DA:20,1
DA:31,1
DA:33,1
DA:44,1
DA:46,1
DA:70,0
DA:77,0
DA:80,0
DA:107,0
DA:112,0
DA:115,0
DA:138,0
DA:143,0
DA:146,0
DA:173,0
DA:180,0
DA:183,0
DA:208,0
DA:213,0
DA:216,0
DA:243,0
DA:250,0
DA:253,0
DA:278,0
DA:283,0
DA:286,0
DA:313,0
DA:320,0
DA:323,0
DA:333,0
DA:334,0
DA:336,0
DA:337,0
DA:338,0
DA:341,0
DA:345,0
DA:346,0
DA:348,0
DA:349,0
DA:350,0
DA:353,0
LF:42
LH:6
end_of_record
SF:lib/src/ui/material_app_router.dart
DA:6,0
DA:42,0
DA:43,0
DA:44,0
DA:45,0
DA:46,0
DA:47,0
DA:49,0
LF:8
LH:0
end_of_record
SF:lib/src/ui/modular_loader.dart
DA:6,14
DA:8,8
DA:9,8
DA:20,7
DA:21,7
DA:25,4
DA:26,8
DA:29,4
DA:30,8
DA:33,6
DA:35,6
DA:36,6
DA:38,6
DA:43,6
DA:44,6
DA:45,6
DA:46,6
DA:49,2
DA:51,2
DA:52,2
DA:53,2
DA:54,2
DA:55,8
DA:58,0
DA:60,2
LF:25
LH:24
end_of_record
SF:lib/src/events/modular_event.dart
DA:9,12
DA:12,8
DA:15,6
DA:17,12
DA:19,12
DA:22,4
DA:24,8
DA:32,2
DA:33,4
DA:35,4
DA:37,2
DA:38,2
DA:39,2
DA:40,10
DA:41,8
DA:44,2
DA:51,2
DA:52,2
DA:54,8
DA:55,8
DA:58,8
DA:59,1
DA:60,2
DA:63,7
DA:64,1
DA:65,2
DA:70,4
DA:71,4
DA:72,7
DA:73,4
LF:30
LH:30
end_of_record
SF:lib/src/events/event_module.dart
DA:12,6
DA:13,6
DA:14,6
DA:16,6
DA:22,2
DA:35,2
DA:36,4
DA:41,10
DA:47,8
DA:49,4
DA:52,1
DA:55,2
DA:58,2
DA:66,2
DA:67,2
DA:68,2
DA:69,2
DA:71,8
DA:72,8
DA:74,10
DA:76,8
DA:77,8
DA:78,8
DA:81,2
DA:83,2
DA:86,10
DA:89,2
DA:95,8
DA:96,12
DA:99,10
DA:101,2
DA:104,4
DA:107,16
DA:108,10
DA:110,8
DA:111,4
DA:112,4
DA:113,8
DA:116,8
DA:117,2
DA:121,2
DA:127,8
DA:129,14
DA:130,2
DA:131,4
DA:135,2
DA:136,8
DA:137,2
DA:138,8
DA:142,2
DA:144,14
DA:145,2
DA:146,8
DA:149,8
DA:151,8
DA:152,12
DA:155,2
DA:158,2
DA:160,2
DA:161,2
DA:165,2
DA:168,2
DA:170,4
DA:172,12
DA:174,12
DA:175,10
DA:176,2
DA:180,8
DA:181,2
DA:184,2
DA:185,8
DA:187,10
DA:189,8
DA:190,6
DA:191,4
DA:192,8
DA:193,2
DA:197,8
DA:198,2
DA:199,8
DA:200,8
DA:201,8
LF:82
LH:82
end_of_record
SF:lib/src/events/modular_event_mixin.dart
DA:9,3
DA:39,1
DA:44,1
DA:46,3
DA:48,3
DA:50,4
DA:51,1
DA:52,0
DA:54,3
DA:58,1
DA:60,3
DA:61,1
DA:63,2
DA:64,1
LF:14
LH:13
end_of_record
SF:lib/src/routing/modular_router_params.dart
DA:13,6
DA:51,1
DA:70,1
DA:71,1
DA:72,1
DA:73,1
DA:74,1
DA:75,1
DA:76,1
DA:77,1
DA:78,1
DA:79,0
DA:80,1
DA:81,1
DA:82,1
DA:83,1
DA:84,1
DA:85,1
DA:86,1
DA:87,1
DA:91,6
DA:92,6
DA:93,6
DA:94,6
DA:95,6
DA:96,6
DA:97,6
DA:98,6
DA:99,6
DA:100,6
DA:101,6
DA:102,6
DA:103,6
DA:104,6
DA:105,6
DA:106,6
DA:107,6
DA:108,6
DA:109,6
LF:39
LH:38
end_of_record
SF:lib/src/shared/asserts/go_router_modular_configure_assert.dart
DA:2,0
DA:4,0
LF:2
LH:0
end_of_record
SF:lib/src/routing/route_builder.dart
DA:17,7
DA:19,7
DA:20,14
DA:22,7
DA:24,8
DA:25,4
DA:27,7
DA:28,7
DA:34,7
DA:35,14
DA:36,7
DA:37,35
DA:38,17
DA:39,14
DA:40,7
DA:41,15
DA:43,7
DA:44,7
LF:18
LH:18
end_of_record
SF:lib/src/di/bind_context_tracker.dart
DA:10,3
DA:11,3
DA:12,4
DA:13,4
DA:18,5
DA:19,10
DA:20,5
DA:21,2
DA:23,4
DA:24,2
DA:29,8
DA:30,32
DA:33,3
DA:34,6
DA:35,3
DA:37,3
DA:39,3
DA:40,6
DA:48,6
DA:49,12
DA:50,12
DA:51,6
LF:22
LH:22
end_of_record
SF:lib/src/di/operation_queue.dart
DA:10,13
DA:11,13
DA:13,39
DA:15,13
DA:16,13
DA:18,1
DA:22,13
DA:23,13
DA:26,13
DA:27,39
DA:29,13
DA:32,26
DA:33,26
DA:35,13
DA:37,0
DA:41,13
LF:16
LH:15
end_of_record
SF:lib/src/events/event_state.dart
DA:6,12
DA:7,4
DA:8,8
DA:25,4
DA:26,14
DA:27,6
DA:29,8
DA:30,8
DA:31,8
DA:32,8
DA:33,8
DA:44,2
LF:12
LH:12
end_of_record
SF:lib/src/routing/builders/child_route_builder.dart
DA:13,2
DA:15,5
DA:16,5
DA:17,5
DA:19,5
DA:22,5
DA:23,1
DA:24,1
DA:25,1
DA:26,1
DA:27,1
DA:28,1
DA:30,1
DA:34,5
DA:37,1
DA:38,1
DA:39,1
DA:41,2
DA:42,3
DA:44,1
DA:47,1
DA:48,1
DA:52,5
DA:53,5
DA:54,5
DA:55,5
DA:56,10
DA:57,15
DA:59,5
DA:61,5
LF:30
LH:30
end_of_record
SF:lib/src/routing/guards/guard_resolver.dart
DA:17,8
DA:23,8
DA:25,2
DA:28,8
DA:30,6
DA:33,3
DA:38,6
DA:39,3
LF:8
LH:8
end_of_record
SF:lib/src/routing/path/route_path_normalizer.dart
DA:6,0
DA:9,7
DA:10,7
DA:11,5
DA:17,7
DA:18,10
DA:19,3
DA:21,7
DA:24,7
DA:25,13
DA:26,14
DA:27,7
DA:28,21
LF:13
LH:12
end_of_record
SF:lib/src/routing/transitions/route_transition_factory.dart
DA:14,0
DA:16,2
DA:30,0
DA:31,0
DA:32,0
DA:37,0
DA:39,0
DA:40,0
DA:41,0
DA:43,0
DA:46,0
DA:47,0
DA:48,0
DA:49,0
DA:50,0
DA:60,0
DA:61,0
DA:70,2
DA:71,2
DA:73,2
LF:20
LH:4
end_of_record
SF:lib/src/ui/once_builder.dart
DA:13,6
DA:17,6
DA:18,6
DA:24,6
DA:25,24
LF:5
LH:5
end_of_record
SF:lib/src/routing/builders/module_route_builder.dart
DA:20,7
DA:30,4
DA:34,8
DA:35,4
DA:36,16
DA:37,4
DA:39,16
DA:41,16
DA:44,3
DA:45,0
DA:50,8
DA:52,4
DA:54,2
DA:55,2
DA:56,2
DA:57,2
DA:58,8
DA:59,2
DA:60,4
DA:63,2
DA:64,4
DA:69,4
DA:70,2
DA:71,2
DA:72,2
DA:73,4
DA:75,2
DA:76,4
DA:77,4
DA:87,1
DA:88,1
DA:89,1
DA:90,1
DA:91,4
DA:92,3
DA:94,3
DA:99,3
DA:100,3
DA:101,9
DA:102,3
DA:103,9
DA:104,3
DA:105,9
DA:108,9
DA:109,6
DA:110,12
DA:111,3
DA:116,3
DA:117,9
DA:119,3
DA:123,1
DA:128,1
DA:129,3
DA:131,1
DA:133,1
DA:134,1
DA:137,1
DA:138,1
DA:139,1
DA:140,1
DA:141,1
DA:142,1
DA:143,1
DA:144,1
DA:148,3
DA:149,3
DA:153,3
DA:154,9
DA:157,3
DA:160,3
DA:161,3
DA:166,2
DA:168,4
DA:170,2
DA:171,0
DA:174,4
DA:178,4
DA:179,2
DA:180,3
DA:181,1
DA:183,1
DA:184,2
LF:82
LH:80
end_of_record
SF:lib/src/routing/redirect/module_route_lifecycle.dart
DA:19,7
DA:24,4
DA:30,4
DA:33,4
DA:34,4
DA:35,8
DA:36,4
DA:38,0
DA:39,0
DA:43,4
DA:46,6
DA:50,4
DA:51,12
DA:52,8
DA:56,1
DA:57,2
DA:58,3
DA:59,2
DA:61,1
LF:19
LH:17
end_of_record
SF:lib/src/shared/asserts/module_assert.dart
DA:2,0
DA:4,0
DA:47,0
DA:50,0
DA:117,0
LF:5
LH:0
end_of_record
SF:lib/src/ui/parent_widget_observer.dart
DA:19,5
DA:26,5
DA:29,5
DA:30,5
DA:36,5
DA:38,25
DA:39,5
DA:42,5
DA:44,25
DA:45,5
DA:48,5
DA:50,16
DA:51,16
LF:13
LH:13
end_of_record
SF:lib/src/routing/builders/shell_route_builder.dart
DA:24,7
DA:36,7
DA:37,29
DA:38,1
DA:39,1
DA:40,5
DA:41,1
DA:42,1
DA:43,0
DA:45,1
DA:46,3
DA:49,1
DA:50,3
DA:51,1
DA:52,2
DA:53,1
DA:57,1
DA:58,0
DA:59,0
DA:61,1
DA:62,1
DA:64,1
DA:66,1
DA:67,1
DA:68,1
DA:69,1
DA:70,1
DA:71,2
DA:72,1
DA:73,2
DA:75,0
DA:76,0
DA:78,0
DA:83,1
DA:84,1
DA:86,7
DA:89,7
DA:90,14
DA:91,7
DA:92,9
DA:93,2
DA:95,6
DA:96,4
DA:97,2
DA:99,2
DA:101,2
DA:102,2
DA:103,2
DA:104,2
DA:106,2
DA:108,2
DA:109,1
DA:113,1
DA:118,1
DA:119,1
DA:120,2
DA:121,1
DA:122,2
DA:123,1
DA:124,1
DA:127,2
DA:128,2
DA:130,2
DA:133,2
DA:135,1
DA:137,1
DA:141,1
DA:142,1
DA:143,1
DA:147,2
DA:149,2
DA:152,2
DA:153,2
DA:154,2
DA:156,7
DA:161,2
DA:164,2
DA:165,1
DA:169,2
DA:170,2
DA:171,2
DA:180,2
DA:181,1
DA:185,1
DA:192,2
DA:194,2
DA:195,4
DA:196,2
DA:197,2
DA:200,1
DA:201,2
DA:203,1
DA:208,2
DA:209,2
DA:212,2
DA:214,4
DA:215,2
DA:216,2
LF:98
LH:92
end_of_record
SF:lib/src/ui/async_navigation_helper.dart
DA:13,0
DA:17,0
DA:23,0
DA:24,0
DA:25,0
DA:26,0
LF:6
LH:0
end_of_record
SF:lib/src/testing/bind_template.dart
DA:27,1
DA:29,1
DA:33,1
DA:34,2
DA:35,1
DA:36,5
DA:41,1
DA:42,2
DA:43,1
DA:44,6
DA:49,1
DA:50,2
DA:51,1
DA:52,6
DA:59,1
DA:60,2
DA:61,1
LF:17
LH:17
end_of_record
SF:lib/src/testing/event_recorder.dart
DA:15,2
DA:17,1
DA:18,1
DA:19,5
DA:22,1
DA:23,2
DA:24,1
DA:27,3
DA:29,4
DA:55,2
DA:61,1
DA:62,1
DA:63,1
DA:64,1
DA:65,2
DA:71,1
DA:72,2
DA:73,1
DA:74,1
DA:78,1
DA:79,3
DA:80,1
DA:85,1
DA:86,3
DA:87,1
DA:89,2
LF:26
LH:26
end_of_record
SF:lib/src/testing/recorded_event_list.dart
DA:10,1
DA:12,2
DA:14,3
DA:16,3
DA:18,3
DA:20,3
DA:22,3
DA:24,3
DA:26,3
DA:28,1
DA:29,4
DA:32,0
LF:12
LH:11
end_of_record
SF:lib/src/testing/fake_injector.dart
DA:10,1
DA:12,1
DA:13,1
DA:14,1
DA:15,1
DA:44,1
DA:46,1
DA:47,1
DA:52,1
DA:53,4
DA:59,1
DA:61,2
DA:62,1
LF:13
LH:13
end_of_record
SF:lib/src/testing/modular_event_bus.dart
DA:16,1
DA:17,1
LF:2
LH:2
end_of_record
SF:lib/src/testing/modular_test_scope.dart
DA:50,1
DA:53,1
DA:54,3
DA:60,1
DA:61,1
DA:62,2
DA:63,1
DA:68,1
DA:69,1
DA:70,2
DA:71,1
DA:76,1
DA:77,1
DA:78,2
DA:79,1
DA:86,1
DA:87,3
DA:91,1
DA:92,4
DA:96,1
DA:97,4
DA:103,2
DA:106,2
DA:113,1
DA:114,2
DA:118,1
DA:119,1
DA:123,3
DA:126,3
DA:133,1
DA:134,2
DA:135,1
DA:136,2
DA:142,1
DA:143,2
DA:144,2
DA:145,1
LF:37
LH:37
end_of_record
